<?xml version="1.0" encoding="UTF-8"?>
<!-- Generated by org.testng.reporters.JUnitReportReporter -->
<testsuite skipped="0" hostname="Hemal" name="com.automationpractice.AppTest" tests="1" failures="0" timestamp="13 Dec 2021 18:25:17 GMT" time="0.015" errors="0">
  <testcase name="shouldAnswerWithTrue" time="0.015" classname="com.automationpractice.AppTest"/>
</testsuite> <!-- com.automationpractice.AppTest -->
